Started GET "/" for 127.0.0.1 at 2023-03-13 13:28:21 -0500
Processing by PublicController#index as HTML
  Rendering layout layouts/application.html.erb
  Rendering public/index.html.erb within layouts/application
  Rendered public/index.html.erb within layouts/application (Duration: 1.2ms | Allocations: 389)
  Rendered layout layouts/application.html.erb (Duration: 213.3ms | Allocations: 91366)
Completed 200 OK in 226ms (Views: 217.6ms | ActiveRecord: 0.0ms | Allocations: 95639)


  [1m[35m (1.0ms)[0m  [1m[35mCREATE TABLE "schema_migrations" ("version" varchar NOT NULL PRIMARY KEY)[0m
  [1m[35m (0.6ms)[0m  [1m[35mCREATE TABLE "ar_internal_metadata" ("key" varchar NOT NULL PRIMARY KEY, "value" varchar, "created_at" datetime(6) NOT NULL, "updated_at" datetime(6) NOT NULL)[0m
  [1m[36mActiveRecord::InternalMetadata Load (0.1ms)[0m  [1m[34mSELECT "ar_internal_metadata".* FROM "ar_internal_metadata" WHERE "ar_internal_metadata"."key" = ? LIMIT ?[0m  [["key", "environment"], ["LIMIT", 1]]
  [1m[36mTRANSACTION (0.0ms)[0m  [1m[36mbegin transaction[0m
  [1m[36mActiveRecord::InternalMetadata Create (0.3ms)[0m  [1m[32mINSERT INTO "ar_internal_metadata" ("key", "value", "created_at", "updated_at") VALUES (?, ?, ?, ?)[0m  [["key", "environment"], ["value", "development"], ["created_at", "2023-03-13 18:29:54.618629"], ["updated_at", "2023-03-13 18:29:54.618629"]]
  [1m[36mTRANSACTION (0.3ms)[0m  [1m[36mcommit transaction[0m
  [1m[36mActiveRecord::SchemaMigration Pluck (0.0ms)[0m  [1m[34mSELECT "schema_migrations"."version" FROM "schema_migrations" ORDER BY "schema_migrations"."version" ASC[0m
Started GET "/" for 127.0.0.1 at 2023-03-13 13:30:39 -0500
  [1m[36mActiveRecord::SchemaMigration Pluck (0.1ms)[0m  [1m[34mSELECT "schema_migrations"."version" FROM "schema_migrations" ORDER BY "schema_migrations"."version" ASC[0m
Processing by PublicController#index as HTML
  Rendering layout layouts/application.html.erb
  Rendering public/index.html.erb within layouts/application
  Rendered public/index.html.erb within layouts/application (Duration: 0.4ms | Allocations: 282)
  Rendered layout layouts/application.html.erb (Duration: 32.6ms | Allocations: 35575)
Completed 200 OK in 38ms (Views: 34.5ms | ActiveRecord: 0.0ms | Allocations: 38618)


  [1m[36mActiveRecord::SchemaMigration Pluck (0.1ms)[0m  [1m[34mSELECT "schema_migrations"."version" FROM "schema_migrations" ORDER BY "schema_migrations"."version" ASC[0m
Migrating to DeviseCreateAccounts (20230313183107)
  [1m[36mTRANSACTION (0.0ms)[0m  [1m[36mbegin transaction[0m
  [1m[35m (0.6ms)[0m  [1m[35mCREATE TABLE "accounts" ("id" integer PRIMARY KEY AUTOINCREMENT NOT NULL, "first_name" varchar, "last_name" varchar, "username" varchar, "bio" text, "email" varchar DEFAULT '' NOT NULL, "encrypted_password" varchar DEFAULT '' NOT NULL, "reset_password_token" varchar, "reset_password_sent_at" datetime(6), "remember_created_at" datetime(6), "created_at" datetime(6) NOT NULL, "updated_at" datetime(6) NOT NULL)[0m
  [1m[35m (0.1ms)[0m  [1m[35mCREATE UNIQUE INDEX "index_accounts_on_email" ON "accounts" ("email")[0m
  [1m[35m (0.1ms)[0m  [1m[35mCREATE UNIQUE INDEX "index_accounts_on_reset_password_token" ON "accounts" ("reset_password_token")[0m
  [1m[36mActiveRecord::SchemaMigration Create (0.1ms)[0m  [1m[32mINSERT INTO "schema_migrations" ("version") VALUES (?)[0m  [["version", "20230313183107"]]
  [1m[36mTRANSACTION (0.6ms)[0m  [1m[36mcommit transaction[0m
  [1m[36mActiveRecord::InternalMetadata Load (0.1ms)[0m  [1m[34mSELECT "ar_internal_metadata".* FROM "ar_internal_metadata" WHERE "ar_internal_metadata"."key" = ? LIMIT ?[0m  [["key", "environment"], ["LIMIT", 1]]
  [1m[36mActiveRecord::SchemaMigration Pluck (0.0ms)[0m  [1m[34mSELECT "schema_migrations"."version" FROM "schema_migrations" ORDER BY "schema_migrations"."version" ASC[0m
Started GET "/" for 127.0.0.1 at 2023-03-13 13:51:00 -0500
  [1m[36mActiveRecord::SchemaMigration Pluck (0.1ms)[0m  [1m[34mSELECT "schema_migrations"."version" FROM "schema_migrations" ORDER BY "schema_migrations"."version" ASC[0m
Processing by PublicController#index as HTML
  Rendering layout layouts/application.html.erb
  Rendering public/index.html.erb within layouts/application
  Rendered public/index.html.erb within layouts/application (Duration: 0.6ms | Allocations: 281)
  Rendered layouts/_header.html.erb (Duration: 0.2ms | Allocations: 91)
  Rendered layouts/_footer.html.erb (Duration: 0.1ms | Allocations: 81)
  Rendered layout layouts/application.html.erb (Duration: 31.7ms | Allocations: 36214)
Completed 200 OK in 38ms (Views: 33.7ms | ActiveRecord: 0.0ms | Allocations: 39248)


Started GET "/" for 127.0.0.1 at 2023-03-13 13:57:11 -0500
  [1m[36mActiveRecord::SchemaMigration Pluck (0.2ms)[0m  [1m[34mSELECT "schema_migrations"."version" FROM "schema_migrations" ORDER BY "schema_migrations"."version" ASC[0m
Processing by PublicController#index as HTML
  Rendering layout layouts/application.html.erb
  Rendering public/index.html.erb within layouts/application
  Rendered public/index.html.erb within layouts/application (Duration: 0.5ms | Allocations: 281)
  Rendered layout layouts/application.html.erb (Duration: 1049.6ms | Allocations: 86896)
Completed 500 Internal Server Error in 1055ms (ActiveRecord: 0.0ms | Allocations: 89887)


  
ActionView::Template::Error (undefined method `start_with?' for /bootstrap\/glyphicons-halflings-regular\.(?:eot|svg|ttf|woff)$/:Regexp

      str.start_with?("file://".freeze) && parse_asset_uri(str) ? true : false
         ^^^^^^^^^^^^):
  
sprockets (4.2.0) lib/sprockets/uri_utils.rb:78:in `valid_asset_uri?'
sprockets (4.2.0) lib/sprockets/resolve.rb:27:in `resolve'
sprockets (4.2.0) lib/sprockets/base.rb:79:in `find_asset'
sprockets (4.2.0) lib/sprockets/base.rb:88:in `find_all_linked_assets'
sprockets (4.2.0) lib/sprockets/manifest.rb:125:in `each'
sprockets (4.2.0) lib/sprockets/manifest.rb:125:in `to_a'
sprockets (4.2.0) lib/sprockets/manifest.rb:125:in `block (2 levels) in find'
concurrent-ruby (1.2.2) lib/concurrent-ruby/concurrent/executor/safe_task_executor.rb:24:in `block in execute'
concurrent-ruby (1.2.2) lib/concurrent-ruby/concurrent/synchronization/mutex_lockable_object.rb:48:in `block in synchronize'
concurrent-ruby (1.2.2) lib/concurrent-ruby/concurrent/synchronization/mutex_lockable_object.rb:48:in `synchronize'
concurrent-ruby (1.2.2) lib/concurrent-ruby/concurrent/synchronization/mutex_lockable_object.rb:48:in `synchronize'
concurrent-ruby (1.2.2) lib/concurrent-ruby/concurrent/executor/safe_task_executor.rb:22:in `execute'
concurrent-ruby (1.2.2) lib/concurrent-ruby/concurrent/promise.rb:564:in `block in realize'
concurrent-ruby (1.2.2) lib/concurrent-ruby/concurrent/executor/ruby_thread_pool_executor.rb:352:in `run_task'
concurrent-ruby (1.2.2) lib/concurrent-ruby/concurrent/executor/ruby_thread_pool_executor.rb:343:in `block (3 levels) in create_worker'
concurrent-ruby (1.2.2) lib/concurrent-ruby/concurrent/executor/ruby_thread_pool_executor.rb:334:in `loop'
concurrent-ruby (1.2.2) lib/concurrent-ruby/concurrent/executor/ruby_thread_pool_executor.rb:334:in `block (2 levels) in create_worker'
concurrent-ruby (1.2.2) lib/concurrent-ruby/concurrent/executor/ruby_thread_pool_executor.rb:333:in `catch'
concurrent-ruby (1.2.2) lib/concurrent-ruby/concurrent/executor/ruby_thread_pool_executor.rb:333:in `block in create_worker'
Started GET "/" for 127.0.0.1 at 2023-03-13 13:59:01 -0500
Processing by PublicController#index as HTML
  Rendering layout layouts/application.html.erb
  Rendering public/index.html.erb within layouts/application
  Rendered public/index.html.erb within layouts/application (Duration: 0.0ms | Allocations: 7)
  Rendered layout layouts/application.html.erb (Duration: 36.6ms | Allocations: 24300)
Completed 500 Internal Server Error in 38ms (ActiveRecord: 0.0ms | Allocations: 24583)


  
ActionView::Template::Error (undefined method `start_with?' for /bootstrap\/glyphicons-halflings-regular\.(?:eot|svg|ttf|woff)$/:Regexp

      str.start_with?("file://".freeze) && parse_asset_uri(str) ? true : false
         ^^^^^^^^^^^^):
  
sprockets (4.2.0) lib/sprockets/uri_utils.rb:78:in `valid_asset_uri?'
sprockets (4.2.0) lib/sprockets/resolve.rb:27:in `resolve'
sprockets (4.2.0) lib/sprockets/base.rb:79:in `find_asset'
sprockets (4.2.0) lib/sprockets/base.rb:88:in `find_all_linked_assets'
sprockets (4.2.0) lib/sprockets/manifest.rb:125:in `each'
sprockets (4.2.0) lib/sprockets/manifest.rb:125:in `to_a'
sprockets (4.2.0) lib/sprockets/manifest.rb:125:in `block (2 levels) in find'
concurrent-ruby (1.2.2) lib/concurrent-ruby/concurrent/executor/safe_task_executor.rb:24:in `block in execute'
concurrent-ruby (1.2.2) lib/concurrent-ruby/concurrent/synchronization/mutex_lockable_object.rb:48:in `block in synchronize'
concurrent-ruby (1.2.2) lib/concurrent-ruby/concurrent/synchronization/mutex_lockable_object.rb:48:in `synchronize'
concurrent-ruby (1.2.2) lib/concurrent-ruby/concurrent/synchronization/mutex_lockable_object.rb:48:in `synchronize'
concurrent-ruby (1.2.2) lib/concurrent-ruby/concurrent/executor/safe_task_executor.rb:22:in `execute'
concurrent-ruby (1.2.2) lib/concurrent-ruby/concurrent/promise.rb:564:in `block in realize'
concurrent-ruby (1.2.2) lib/concurrent-ruby/concurrent/executor/ruby_thread_pool_executor.rb:352:in `run_task'
concurrent-ruby (1.2.2) lib/concurrent-ruby/concurrent/executor/ruby_thread_pool_executor.rb:343:in `block (3 levels) in create_worker'
concurrent-ruby (1.2.2) lib/concurrent-ruby/concurrent/executor/ruby_thread_pool_executor.rb:334:in `loop'
concurrent-ruby (1.2.2) lib/concurrent-ruby/concurrent/executor/ruby_thread_pool_executor.rb:334:in `block (2 levels) in create_worker'
concurrent-ruby (1.2.2) lib/concurrent-ruby/concurrent/executor/ruby_thread_pool_executor.rb:333:in `catch'
concurrent-ruby (1.2.2) lib/concurrent-ruby/concurrent/executor/ruby_thread_pool_executor.rb:333:in `block in create_worker'
Started GET "/" for 127.0.0.1 at 2023-03-13 13:59:02 -0500
Processing by PublicController#index as HTML
  Rendering layout layouts/application.html.erb
  Rendering public/index.html.erb within layouts/application
  Rendered public/index.html.erb within layouts/application (Duration: 0.0ms | Allocations: 7)
  Rendered layout layouts/application.html.erb (Duration: 28.5ms | Allocations: 19326)
Completed 500 Internal Server Error in 30ms (ActiveRecord: 0.0ms | Allocations: 19567)


  
ActionView::Template::Error (undefined method `start_with?' for /bootstrap\/glyphicons-halflings-regular\.(?:eot|svg|ttf|woff)$/:Regexp

      str.start_with?("file://".freeze) && parse_asset_uri(str) ? true : false
         ^^^^^^^^^^^^):
  
sprockets (4.2.0) lib/sprockets/uri_utils.rb:78:in `valid_asset_uri?'
sprockets (4.2.0) lib/sprockets/resolve.rb:27:in `resolve'
sprockets (4.2.0) lib/sprockets/base.rb:79:in `find_asset'
sprockets (4.2.0) lib/sprockets/base.rb:88:in `find_all_linked_assets'
sprockets (4.2.0) lib/sprockets/manifest.rb:125:in `each'
sprockets (4.2.0) lib/sprockets/manifest.rb:125:in `to_a'
sprockets (4.2.0) lib/sprockets/manifest.rb:125:in `block (2 levels) in find'
concurrent-ruby (1.2.2) lib/concurrent-ruby/concurrent/executor/safe_task_executor.rb:24:in `block in execute'
concurrent-ruby (1.2.2) lib/concurrent-ruby/concurrent/synchronization/mutex_lockable_object.rb:48:in `block in synchronize'
concurrent-ruby (1.2.2) lib/concurrent-ruby/concurrent/synchronization/mutex_lockable_object.rb:48:in `synchronize'
concurrent-ruby (1.2.2) lib/concurrent-ruby/concurrent/synchronization/mutex_lockable_object.rb:48:in `synchronize'
concurrent-ruby (1.2.2) lib/concurrent-ruby/concurrent/executor/safe_task_executor.rb:22:in `execute'
concurrent-ruby (1.2.2) lib/concurrent-ruby/concurrent/promise.rb:564:in `block in realize'
concurrent-ruby (1.2.2) lib/concurrent-ruby/concurrent/executor/ruby_thread_pool_executor.rb:352:in `run_task'
concurrent-ruby (1.2.2) lib/concurrent-ruby/concurrent/executor/ruby_thread_pool_executor.rb:343:in `block (3 levels) in create_worker'
concurrent-ruby (1.2.2) lib/concurrent-ruby/concurrent/executor/ruby_thread_pool_executor.rb:334:in `loop'
concurrent-ruby (1.2.2) lib/concurrent-ruby/concurrent/executor/ruby_thread_pool_executor.rb:334:in `block (2 levels) in create_worker'
concurrent-ruby (1.2.2) lib/concurrent-ruby/concurrent/executor/ruby_thread_pool_executor.rb:333:in `catch'
concurrent-ruby (1.2.2) lib/concurrent-ruby/concurrent/executor/ruby_thread_pool_executor.rb:333:in `block in create_worker'
Started GET "/" for 127.0.0.1 at 2023-03-13 13:59:03 -0500
Processing by PublicController#index as HTML
  Rendering layout layouts/application.html.erb
  Rendering public/index.html.erb within layouts/application
  Rendered public/index.html.erb within layouts/application (Duration: 0.1ms | Allocations: 7)
  Rendered layout layouts/application.html.erb (Duration: 27.2ms | Allocations: 19076)
Completed 500 Internal Server Error in 29ms (ActiveRecord: 0.0ms | Allocations: 19460)


  
ActionView::Template::Error (undefined method `start_with?' for /bootstrap\/glyphicons-halflings-regular\.(?:eot|svg|ttf|woff)$/:Regexp

      str.start_with?("file://".freeze) && parse_asset_uri(str) ? true : false
         ^^^^^^^^^^^^):
  
sprockets (4.2.0) lib/sprockets/uri_utils.rb:78:in `valid_asset_uri?'
sprockets (4.2.0) lib/sprockets/resolve.rb:27:in `resolve'
sprockets (4.2.0) lib/sprockets/base.rb:79:in `find_asset'
sprockets (4.2.0) lib/sprockets/base.rb:88:in `find_all_linked_assets'
sprockets (4.2.0) lib/sprockets/manifest.rb:125:in `each'
sprockets (4.2.0) lib/sprockets/manifest.rb:125:in `to_a'
sprockets (4.2.0) lib/sprockets/manifest.rb:125:in `block (2 levels) in find'
concurrent-ruby (1.2.2) lib/concurrent-ruby/concurrent/executor/safe_task_executor.rb:24:in `block in execute'
concurrent-ruby (1.2.2) lib/concurrent-ruby/concurrent/synchronization/mutex_lockable_object.rb:48:in `block in synchronize'
concurrent-ruby (1.2.2) lib/concurrent-ruby/concurrent/synchronization/mutex_lockable_object.rb:48:in `synchronize'
concurrent-ruby (1.2.2) lib/concurrent-ruby/concurrent/synchronization/mutex_lockable_object.rb:48:in `synchronize'
concurrent-ruby (1.2.2) lib/concurrent-ruby/concurrent/executor/safe_task_executor.rb:22:in `execute'
concurrent-ruby (1.2.2) lib/concurrent-ruby/concurrent/promise.rb:564:in `block in realize'
concurrent-ruby (1.2.2) lib/concurrent-ruby/concurrent/executor/ruby_thread_pool_executor.rb:352:in `run_task'
concurrent-ruby (1.2.2) lib/concurrent-ruby/concurrent/executor/ruby_thread_pool_executor.rb:343:in `block (3 levels) in create_worker'
concurrent-ruby (1.2.2) lib/concurrent-ruby/concurrent/executor/ruby_thread_pool_executor.rb:334:in `loop'
concurrent-ruby (1.2.2) lib/concurrent-ruby/concurrent/executor/ruby_thread_pool_executor.rb:334:in `block (2 levels) in create_worker'
concurrent-ruby (1.2.2) lib/concurrent-ruby/concurrent/executor/ruby_thread_pool_executor.rb:333:in `catch'
concurrent-ruby (1.2.2) lib/concurrent-ruby/concurrent/executor/ruby_thread_pool_executor.rb:333:in `block in create_worker'
Started GET "/" for 127.0.0.1 at 2023-03-13 13:59:04 -0500
Processing by PublicController#index as HTML
  Rendering layout layouts/application.html.erb
  Rendering public/index.html.erb within layouts/application
  Rendered public/index.html.erb within layouts/application (Duration: 0.1ms | Allocations: 7)
  Rendered layout layouts/application.html.erb (Duration: 29.7ms | Allocations: 17235)
Completed 500 Internal Server Error in 32ms (ActiveRecord: 0.0ms | Allocations: 18324)


  
ActionView::Template::Error (undefined method `start_with?' for /bootstrap\/glyphicons-halflings-regular\.(?:eot|svg|ttf|woff)$/:Regexp

      str.start_with?("file://".freeze) && parse_asset_uri(str) ? true : false
         ^^^^^^^^^^^^):
  
sprockets (4.2.0) lib/sprockets/uri_utils.rb:78:in `valid_asset_uri?'
sprockets (4.2.0) lib/sprockets/resolve.rb:27:in `resolve'
sprockets (4.2.0) lib/sprockets/base.rb:79:in `find_asset'
sprockets (4.2.0) lib/sprockets/base.rb:88:in `find_all_linked_assets'
sprockets (4.2.0) lib/sprockets/manifest.rb:125:in `each'
sprockets (4.2.0) lib/sprockets/manifest.rb:125:in `to_a'
sprockets (4.2.0) lib/sprockets/manifest.rb:125:in `block (2 levels) in find'
concurrent-ruby (1.2.2) lib/concurrent-ruby/concurrent/executor/safe_task_executor.rb:24:in `block in execute'
concurrent-ruby (1.2.2) lib/concurrent-ruby/concurrent/synchronization/mutex_lockable_object.rb:48:in `block in synchronize'
concurrent-ruby (1.2.2) lib/concurrent-ruby/concurrent/synchronization/mutex_lockable_object.rb:48:in `synchronize'
concurrent-ruby (1.2.2) lib/concurrent-ruby/concurrent/synchronization/mutex_lockable_object.rb:48:in `synchronize'
concurrent-ruby (1.2.2) lib/concurrent-ruby/concurrent/executor/safe_task_executor.rb:22:in `execute'
concurrent-ruby (1.2.2) lib/concurrent-ruby/concurrent/promise.rb:564:in `block in realize'
concurrent-ruby (1.2.2) lib/concurrent-ruby/concurrent/executor/ruby_thread_pool_executor.rb:352:in `run_task'
concurrent-ruby (1.2.2) lib/concurrent-ruby/concurrent/executor/ruby_thread_pool_executor.rb:343:in `block (3 levels) in create_worker'
concurrent-ruby (1.2.2) lib/concurrent-ruby/concurrent/executor/ruby_thread_pool_executor.rb:334:in `loop'
concurrent-ruby (1.2.2) lib/concurrent-ruby/concurrent/executor/ruby_thread_pool_executor.rb:334:in `block (2 levels) in create_worker'
concurrent-ruby (1.2.2) lib/concurrent-ruby/concurrent/executor/ruby_thread_pool_executor.rb:333:in `catch'
concurrent-ruby (1.2.2) lib/concurrent-ruby/concurrent/executor/ruby_thread_pool_executor.rb:333:in `block in create_worker'
Started GET "/" for 127.0.0.1 at 2023-03-13 14:03:49 -0500
  [1m[36mActiveRecord::SchemaMigration Pluck (0.1ms)[0m  [1m[34mSELECT "schema_migrations"."version" FROM "schema_migrations" ORDER BY "schema_migrations"."version" ASC[0m
Processing by PublicController#index as HTML
  Rendering layout layouts/application.html.erb
  Rendering public/index.html.erb within layouts/application
  Rendered public/index.html.erb within layouts/application (Duration: 0.6ms | Allocations: 281)
  Rendered layout layouts/application.html.erb (Duration: 37.3ms | Allocations: 26431)
Completed 500 Internal Server Error in 43ms (ActiveRecord: 0.0ms | Allocations: 29421)


  
ActionView::Template::Error (undefined method `start_with?' for /bootstrap\/glyphicons-halflings-regular\.(?:eot|svg|ttf|woff)$/:Regexp

      str.start_with?("file://".freeze) && parse_asset_uri(str) ? true : false
         ^^^^^^^^^^^^):
  
sprockets (4.2.0) lib/sprockets/uri_utils.rb:78:in `valid_asset_uri?'
sprockets (4.2.0) lib/sprockets/resolve.rb:27:in `resolve'
sprockets (4.2.0) lib/sprockets/base.rb:79:in `find_asset'
sprockets (4.2.0) lib/sprockets/base.rb:88:in `find_all_linked_assets'
sprockets (4.2.0) lib/sprockets/manifest.rb:125:in `each'
sprockets (4.2.0) lib/sprockets/manifest.rb:125:in `to_a'
sprockets (4.2.0) lib/sprockets/manifest.rb:125:in `block (2 levels) in find'
concurrent-ruby (1.2.2) lib/concurrent-ruby/concurrent/executor/safe_task_executor.rb:24:in `block in execute'
concurrent-ruby (1.2.2) lib/concurrent-ruby/concurrent/synchronization/mutex_lockable_object.rb:48:in `block in synchronize'
concurrent-ruby (1.2.2) lib/concurrent-ruby/concurrent/synchronization/mutex_lockable_object.rb:48:in `synchronize'
concurrent-ruby (1.2.2) lib/concurrent-ruby/concurrent/synchronization/mutex_lockable_object.rb:48:in `synchronize'
concurrent-ruby (1.2.2) lib/concurrent-ruby/concurrent/executor/safe_task_executor.rb:22:in `execute'
concurrent-ruby (1.2.2) lib/concurrent-ruby/concurrent/promise.rb:564:in `block in realize'
concurrent-ruby (1.2.2) lib/concurrent-ruby/concurrent/executor/ruby_thread_pool_executor.rb:352:in `run_task'
concurrent-ruby (1.2.2) lib/concurrent-ruby/concurrent/executor/ruby_thread_pool_executor.rb:343:in `block (3 levels) in create_worker'
concurrent-ruby (1.2.2) lib/concurrent-ruby/concurrent/executor/ruby_thread_pool_executor.rb:334:in `loop'
concurrent-ruby (1.2.2) lib/concurrent-ruby/concurrent/executor/ruby_thread_pool_executor.rb:334:in `block (2 levels) in create_worker'
concurrent-ruby (1.2.2) lib/concurrent-ruby/concurrent/executor/ruby_thread_pool_executor.rb:333:in `catch'
concurrent-ruby (1.2.2) lib/concurrent-ruby/concurrent/executor/ruby_thread_pool_executor.rb:333:in `block in create_worker'
Started GET "/" for 127.0.0.1 at 2023-03-13 14:03:51 -0500
Processing by PublicController#index as HTML
  Rendering layout layouts/application.html.erb
  Rendering public/index.html.erb within layouts/application
  Rendered public/index.html.erb within layouts/application (Duration: 0.0ms | Allocations: 7)
  Rendered layout layouts/application.html.erb (Duration: 38.9ms | Allocations: 18590)
Completed 500 Internal Server Error in 41ms (ActiveRecord: 0.0ms | Allocations: 18963)


  
ActionView::Template::Error (undefined method `start_with?' for /bootstrap\/glyphicons-halflings-regular\.(?:eot|svg|ttf|woff)$/:Regexp

      str.start_with?("file://".freeze) && parse_asset_uri(str) ? true : false
         ^^^^^^^^^^^^):
  
sprockets (4.2.0) lib/sprockets/uri_utils.rb:78:in `valid_asset_uri?'
sprockets (4.2.0) lib/sprockets/resolve.rb:27:in `resolve'
sprockets (4.2.0) lib/sprockets/base.rb:79:in `find_asset'
sprockets (4.2.0) lib/sprockets/base.rb:88:in `find_all_linked_assets'
sprockets (4.2.0) lib/sprockets/manifest.rb:125:in `each'
sprockets (4.2.0) lib/sprockets/manifest.rb:125:in `to_a'
sprockets (4.2.0) lib/sprockets/manifest.rb:125:in `block (2 levels) in find'
concurrent-ruby (1.2.2) lib/concurrent-ruby/concurrent/executor/safe_task_executor.rb:24:in `block in execute'
concurrent-ruby (1.2.2) lib/concurrent-ruby/concurrent/synchronization/mutex_lockable_object.rb:48:in `block in synchronize'
concurrent-ruby (1.2.2) lib/concurrent-ruby/concurrent/synchronization/mutex_lockable_object.rb:48:in `synchronize'
concurrent-ruby (1.2.2) lib/concurrent-ruby/concurrent/synchronization/mutex_lockable_object.rb:48:in `synchronize'
concurrent-ruby (1.2.2) lib/concurrent-ruby/concurrent/executor/safe_task_executor.rb:22:in `execute'
concurrent-ruby (1.2.2) lib/concurrent-ruby/concurrent/promise.rb:564:in `block in realize'
concurrent-ruby (1.2.2) lib/concurrent-ruby/concurrent/executor/ruby_thread_pool_executor.rb:352:in `run_task'
concurrent-ruby (1.2.2) lib/concurrent-ruby/concurrent/executor/ruby_thread_pool_executor.rb:343:in `block (3 levels) in create_worker'
concurrent-ruby (1.2.2) lib/concurrent-ruby/concurrent/executor/ruby_thread_pool_executor.rb:334:in `loop'
concurrent-ruby (1.2.2) lib/concurrent-ruby/concurrent/executor/ruby_thread_pool_executor.rb:334:in `block (2 levels) in create_worker'
concurrent-ruby (1.2.2) lib/concurrent-ruby/concurrent/executor/ruby_thread_pool_executor.rb:333:in `catch'
concurrent-ruby (1.2.2) lib/concurrent-ruby/concurrent/executor/ruby_thread_pool_executor.rb:333:in `block in create_worker'
Started GET "/" for 127.0.0.1 at 2023-03-13 14:03:51 -0500
Processing by PublicController#index as HTML
  Rendering layout layouts/application.html.erb
  Rendering public/index.html.erb within layouts/application
  Rendered public/index.html.erb within layouts/application (Duration: 0.0ms | Allocations: 7)
  Rendered layout layouts/application.html.erb (Duration: 28.0ms | Allocations: 18553)
Completed 500 Internal Server Error in 30ms (ActiveRecord: 0.0ms | Allocations: 19379)


  
ActionView::Template::Error (undefined method `start_with?' for /bootstrap\/glyphicons-halflings-regular\.(?:eot|svg|ttf|woff)$/:Regexp

      str.start_with?("file://".freeze) && parse_asset_uri(str) ? true : false
         ^^^^^^^^^^^^):
  
sprockets (4.2.0) lib/sprockets/uri_utils.rb:78:in `valid_asset_uri?'
sprockets (4.2.0) lib/sprockets/resolve.rb:27:in `resolve'
sprockets (4.2.0) lib/sprockets/base.rb:79:in `find_asset'
sprockets (4.2.0) lib/sprockets/base.rb:88:in `find_all_linked_assets'
sprockets (4.2.0) lib/sprockets/manifest.rb:125:in `each'
sprockets (4.2.0) lib/sprockets/manifest.rb:125:in `to_a'
sprockets (4.2.0) lib/sprockets/manifest.rb:125:in `block (2 levels) in find'
concurrent-ruby (1.2.2) lib/concurrent-ruby/concurrent/executor/safe_task_executor.rb:24:in `block in execute'
concurrent-ruby (1.2.2) lib/concurrent-ruby/concurrent/synchronization/mutex_lockable_object.rb:48:in `block in synchronize'
concurrent-ruby (1.2.2) lib/concurrent-ruby/concurrent/synchronization/mutex_lockable_object.rb:48:in `synchronize'
concurrent-ruby (1.2.2) lib/concurrent-ruby/concurrent/synchronization/mutex_lockable_object.rb:48:in `synchronize'
concurrent-ruby (1.2.2) lib/concurrent-ruby/concurrent/executor/safe_task_executor.rb:22:in `execute'
concurrent-ruby (1.2.2) lib/concurrent-ruby/concurrent/promise.rb:564:in `block in realize'
concurrent-ruby (1.2.2) lib/concurrent-ruby/concurrent/executor/ruby_thread_pool_executor.rb:352:in `run_task'
concurrent-ruby (1.2.2) lib/concurrent-ruby/concurrent/executor/ruby_thread_pool_executor.rb:343:in `block (3 levels) in create_worker'
concurrent-ruby (1.2.2) lib/concurrent-ruby/concurrent/executor/ruby_thread_pool_executor.rb:334:in `loop'
concurrent-ruby (1.2.2) lib/concurrent-ruby/concurrent/executor/ruby_thread_pool_executor.rb:334:in `block (2 levels) in create_worker'
concurrent-ruby (1.2.2) lib/concurrent-ruby/concurrent/executor/ruby_thread_pool_executor.rb:333:in `catch'
concurrent-ruby (1.2.2) lib/concurrent-ruby/concurrent/executor/ruby_thread_pool_executor.rb:333:in `block in create_worker'
Started GET "/" for 127.0.0.1 at 2023-03-13 14:03:52 -0500
Processing by PublicController#index as HTML
  Rendering layout layouts/application.html.erb
  Rendering public/index.html.erb within layouts/application
  Rendered public/index.html.erb within layouts/application (Duration: 0.1ms | Allocations: 7)
  Rendered layout layouts/application.html.erb (Duration: 28.0ms | Allocations: 18198)
Completed 500 Internal Server Error in 31ms (ActiveRecord: 0.0ms | Allocations: 19355)


  
ActionView::Template::Error (undefined method `start_with?' for /bootstrap\/glyphicons-halflings-regular\.(?:eot|svg|ttf|woff)$/:Regexp

      str.start_with?("file://".freeze) && parse_asset_uri(str) ? true : false
         ^^^^^^^^^^^^):
  
sprockets (4.2.0) lib/sprockets/uri_utils.rb:78:in `valid_asset_uri?'
sprockets (4.2.0) lib/sprockets/resolve.rb:27:in `resolve'
sprockets (4.2.0) lib/sprockets/base.rb:79:in `find_asset'
sprockets (4.2.0) lib/sprockets/base.rb:88:in `find_all_linked_assets'
sprockets (4.2.0) lib/sprockets/manifest.rb:125:in `each'
sprockets (4.2.0) lib/sprockets/manifest.rb:125:in `to_a'
sprockets (4.2.0) lib/sprockets/manifest.rb:125:in `block (2 levels) in find'
concurrent-ruby (1.2.2) lib/concurrent-ruby/concurrent/executor/safe_task_executor.rb:24:in `block in execute'
concurrent-ruby (1.2.2) lib/concurrent-ruby/concurrent/synchronization/mutex_lockable_object.rb:48:in `block in synchronize'
concurrent-ruby (1.2.2) lib/concurrent-ruby/concurrent/synchronization/mutex_lockable_object.rb:48:in `synchronize'
concurrent-ruby (1.2.2) lib/concurrent-ruby/concurrent/synchronization/mutex_lockable_object.rb:48:in `synchronize'
concurrent-ruby (1.2.2) lib/concurrent-ruby/concurrent/executor/safe_task_executor.rb:22:in `execute'
concurrent-ruby (1.2.2) lib/concurrent-ruby/concurrent/promise.rb:564:in `block in realize'
concurrent-ruby (1.2.2) lib/concurrent-ruby/concurrent/executor/ruby_thread_pool_executor.rb:352:in `run_task'
concurrent-ruby (1.2.2) lib/concurrent-ruby/concurrent/executor/ruby_thread_pool_executor.rb:343:in `block (3 levels) in create_worker'
concurrent-ruby (1.2.2) lib/concurrent-ruby/concurrent/executor/ruby_thread_pool_executor.rb:334:in `loop'
concurrent-ruby (1.2.2) lib/concurrent-ruby/concurrent/executor/ruby_thread_pool_executor.rb:334:in `block (2 levels) in create_worker'
concurrent-ruby (1.2.2) lib/concurrent-ruby/concurrent/executor/ruby_thread_pool_executor.rb:333:in `catch'
concurrent-ruby (1.2.2) lib/concurrent-ruby/concurrent/executor/ruby_thread_pool_executor.rb:333:in `block in create_worker'
Started GET "/" for 127.0.0.1 at 2023-03-13 14:03:52 -0500
Processing by PublicController#index as HTML
  Rendering layout layouts/application.html.erb
  Rendering public/index.html.erb within layouts/application
  Rendered public/index.html.erb within layouts/application (Duration: 0.0ms | Allocations: 7)
  Rendered layout layouts/application.html.erb (Duration: 17.0ms | Allocations: 17916)
Completed 500 Internal Server Error in 18ms (ActiveRecord: 0.0ms | Allocations: 18413)


  
ActionView::Template::Error (undefined method `start_with?' for /bootstrap\/glyphicons-halflings-regular\.(?:eot|svg|ttf|woff)$/:Regexp

      str.start_with?("file://".freeze) && parse_asset_uri(str) ? true : false
         ^^^^^^^^^^^^):
  
sprockets (4.2.0) lib/sprockets/uri_utils.rb:78:in `valid_asset_uri?'
sprockets (4.2.0) lib/sprockets/resolve.rb:27:in `resolve'
sprockets (4.2.0) lib/sprockets/base.rb:79:in `find_asset'
sprockets (4.2.0) lib/sprockets/base.rb:88:in `find_all_linked_assets'
sprockets (4.2.0) lib/sprockets/manifest.rb:125:in `each'
sprockets (4.2.0) lib/sprockets/manifest.rb:125:in `to_a'
sprockets (4.2.0) lib/sprockets/manifest.rb:125:in `block (2 levels) in find'
concurrent-ruby (1.2.2) lib/concurrent-ruby/concurrent/executor/safe_task_executor.rb:24:in `block in execute'
concurrent-ruby (1.2.2) lib/concurrent-ruby/concurrent/synchronization/mutex_lockable_object.rb:48:in `block in synchronize'
concurrent-ruby (1.2.2) lib/concurrent-ruby/concurrent/synchronization/mutex_lockable_object.rb:48:in `synchronize'
concurrent-ruby (1.2.2) lib/concurrent-ruby/concurrent/synchronization/mutex_lockable_object.rb:48:in `synchronize'
concurrent-ruby (1.2.2) lib/concurrent-ruby/concurrent/executor/safe_task_executor.rb:22:in `execute'
concurrent-ruby (1.2.2) lib/concurrent-ruby/concurrent/promise.rb:564:in `block in realize'
concurrent-ruby (1.2.2) lib/concurrent-ruby/concurrent/executor/ruby_thread_pool_executor.rb:352:in `run_task'
concurrent-ruby (1.2.2) lib/concurrent-ruby/concurrent/executor/ruby_thread_pool_executor.rb:343:in `block (3 levels) in create_worker'
concurrent-ruby (1.2.2) lib/concurrent-ruby/concurrent/executor/ruby_thread_pool_executor.rb:334:in `loop'
concurrent-ruby (1.2.2) lib/concurrent-ruby/concurrent/executor/ruby_thread_pool_executor.rb:334:in `block (2 levels) in create_worker'
concurrent-ruby (1.2.2) lib/concurrent-ruby/concurrent/executor/ruby_thread_pool_executor.rb:333:in `catch'
concurrent-ruby (1.2.2) lib/concurrent-ruby/concurrent/executor/ruby_thread_pool_executor.rb:333:in `block in create_worker'
Started GET "/" for 127.0.0.1 at 2023-03-13 14:03:52 -0500
Processing by PublicController#index as HTML
  Rendering layout layouts/application.html.erb
  Rendering public/index.html.erb within layouts/application
  Rendered public/index.html.erb within layouts/application (Duration: 0.0ms | Allocations: 7)
  Rendered layout layouts/application.html.erb (Duration: 18.2ms | Allocations: 18241)
Completed 500 Internal Server Error in 20ms (ActiveRecord: 0.0ms | Allocations: 19411)


  
ActionView::Template::Error (undefined method `start_with?' for /bootstrap\/glyphicons-halflings-regular\.(?:eot|svg|ttf|woff)$/:Regexp

      str.start_with?("file://".freeze) && parse_asset_uri(str) ? true : false
         ^^^^^^^^^^^^):
  
sprockets (4.2.0) lib/sprockets/uri_utils.rb:78:in `valid_asset_uri?'
sprockets (4.2.0) lib/sprockets/resolve.rb:27:in `resolve'
sprockets (4.2.0) lib/sprockets/base.rb:79:in `find_asset'
sprockets (4.2.0) lib/sprockets/base.rb:88:in `find_all_linked_assets'
sprockets (4.2.0) lib/sprockets/manifest.rb:125:in `each'
sprockets (4.2.0) lib/sprockets/manifest.rb:125:in `to_a'
sprockets (4.2.0) lib/sprockets/manifest.rb:125:in `block (2 levels) in find'
concurrent-ruby (1.2.2) lib/concurrent-ruby/concurrent/executor/safe_task_executor.rb:24:in `block in execute'
concurrent-ruby (1.2.2) lib/concurrent-ruby/concurrent/synchronization/mutex_lockable_object.rb:48:in `block in synchronize'
concurrent-ruby (1.2.2) lib/concurrent-ruby/concurrent/synchronization/mutex_lockable_object.rb:48:in `synchronize'
concurrent-ruby (1.2.2) lib/concurrent-ruby/concurrent/synchronization/mutex_lockable_object.rb:48:in `synchronize'
concurrent-ruby (1.2.2) lib/concurrent-ruby/concurrent/executor/safe_task_executor.rb:22:in `execute'
concurrent-ruby (1.2.2) lib/concurrent-ruby/concurrent/promise.rb:564:in `block in realize'
concurrent-ruby (1.2.2) lib/concurrent-ruby/concurrent/executor/ruby_thread_pool_executor.rb:352:in `run_task'
concurrent-ruby (1.2.2) lib/concurrent-ruby/concurrent/executor/ruby_thread_pool_executor.rb:343:in `block (3 levels) in create_worker'
concurrent-ruby (1.2.2) lib/concurrent-ruby/concurrent/executor/ruby_thread_pool_executor.rb:334:in `loop'
concurrent-ruby (1.2.2) lib/concurrent-ruby/concurrent/executor/ruby_thread_pool_executor.rb:334:in `block (2 levels) in create_worker'
concurrent-ruby (1.2.2) lib/concurrent-ruby/concurrent/executor/ruby_thread_pool_executor.rb:333:in `catch'
concurrent-ruby (1.2.2) lib/concurrent-ruby/concurrent/executor/ruby_thread_pool_executor.rb:333:in `block in create_worker'
Started GET "/" for 127.0.0.1 at 2023-03-13 14:06:28 -0500
Processing by PublicController#index as HTML
  Rendering layout layouts/application.html.erb
  Rendering public/index.html.erb within layouts/application
  Rendered public/index.html.erb within layouts/application (Duration: 0.1ms | Allocations: 7)
  Rendered layout layouts/application.html.erb (Duration: 38.4ms | Allocations: 6082)
Completed 500 Internal Server Error in 40ms (ActiveRecord: 0.0ms | Allocations: 6319)


  
LoadError (cannot load such file -- sassc):
  
app/views/layouts/application.html.erb:9
  [1m[36mActiveRecord::SchemaMigration Pluck (0.1ms)[0m  [1m[34mSELECT "schema_migrations"."version" FROM "schema_migrations" ORDER BY "schema_migrations"."version" ASC[0m
  [1m[36mActiveRecord::InternalMetadata Load (0.2ms)[0m  [1m[34mSELECT "ar_internal_metadata".* FROM "ar_internal_metadata" WHERE "ar_internal_metadata"."key" = ? LIMIT ?[0m  [["key", "environment"], ["LIMIT", 1]]
  [1m[36mActiveRecord::SchemaMigration Pluck (0.0ms)[0m  [1m[34mSELECT "schema_migrations"."version" FROM "schema_migrations" ORDER BY "schema_migrations"."version" ASC[0m
Started GET "/" for 127.0.0.1 at 2023-03-13 14:09:28 -0500
  [1m[36mActiveRecord::SchemaMigration Pluck (0.2ms)[0m  [1m[34mSELECT "schema_migrations"."version" FROM "schema_migrations" ORDER BY "schema_migrations"."version" ASC[0m
Processing by PublicController#index as HTML
  Rendering layout layouts/application.html.erb
  Rendering public/index.html.erb within layouts/application
  Rendered public/index.html.erb within layouts/application (Duration: 0.7ms | Allocations: 281)
  Rendered layout layouts/application.html.erb (Duration: 19.0ms | Allocations: 4873)
Completed 500 Internal Server Error in 27ms (ActiveRecord: 0.0ms | Allocations: 7843)


  
LoadError (cannot load such file -- sassc):
  
app/views/layouts/application.html.erb:9
Started POST "/__web_console/repl_sessions/c6a2292dbdbef4ba92fefc9e866ef366/trace" for 127.0.0.1 at 2023-03-13 14:09:55 -0500
Started GET "/" for 127.0.0.1 at 2023-03-13 14:13:05 -0500
Processing by PublicController#index as HTML
  Rendering layout layouts/application.html.erb
  Rendering public/index.html.erb within layouts/application
  Rendered public/index.html.erb within layouts/application (Duration: 0.1ms | Allocations: 9)
  Rendered layout layouts/application.html.erb (Duration: 21.3ms | Allocations: 4978)
Completed 500 Internal Server Error in 24ms (ActiveRecord: 0.0ms | Allocations: 5274)


  
LoadError (cannot load such file -- sassc):
  
app/views/layouts/application.html.erb:9
Started GET "/" for 127.0.0.1 at 2023-04-03 20:24:35 -0500
  [1m[36mActiveRecord::SchemaMigration Pluck (0.1ms)[0m  [1m[34mSELECT "schema_migrations"."version" FROM "schema_migrations" ORDER BY "schema_migrations"."version" ASC[0m
Processing by PublicController#index as HTML
  Rendering layout layouts/application.html.erb
  Rendering public/index.html.erb within layouts/application
  Rendered public/index.html.erb within layouts/application (Duration: 0.7ms | Allocations: 281)
  Rendered layout layouts/application.html.erb (Duration: 23.8ms | Allocations: 4874)
Completed 500 Internal Server Error in 33ms (ActiveRecord: 0.0ms | Allocations: 7842)


  
LoadError (cannot load such file -- sassc):
  
app/views/layouts/application.html.erb:9
